#-----------------------------------------------------------
# Vivado v2022.2 (64-bit)
# SW Build 3671981 on Fri Oct 14 04:59:54 MDT 2022
# IP Build 3669848 on Fri Oct 14 08:30:02 MDT 2022
# Start of session at: Sun Apr  5 14:48:50 2026
# Process ID: 308930
# Current directory: /root/DOWNLOAD/U50/U50-PCIE/netfpga_pcie_x1_xdma_bram
# Command line: vivado pcie_xdma_test.xpr
# Log file: /root/DOWNLOAD/U50/U50-PCIE/netfpga_pcie_x1_xdma_bram/vivado.log
# Journal file: /root/DOWNLOAD/U50/U50-PCIE/netfpga_pcie_x1_xdma_bram/vivado.jou
# Running On: hk-office-srv02, OS: Linux, CPU Frequency: 3200.000 MHz, CPU Physical cores: 8, Host memory: 67044 MB
#-----------------------------------------------------------
start_gui
WARNING: [Board 49-26] cannot add Board Part xilinx.com:vek280_es:part0:1.0 available at /opt/Xilinx/Vivado/2022.2/data/xhub/boards/XilinxBoardStore/boards/Xilinx/vek280/es/1.0/board.xml as part xcve2802-vsvh1760-2lp-e-s-es1 specified in board_part file is either invalid or not available
WARNING: [Board 49-26] cannot add Board Part xilinx.com:vhk158_es:part0:1.0 available at /opt/Xilinx/Vivado/2022.2/data/xhub/boards/XilinxBoardStore/boards/Xilinx/vhk158/es/1.0/board.xml as part xcvh1582-vsva3697-2mp-e-s-es1 specified in board_part file is either invalid or not available
WARNING: [Board 49-26] cannot add Board Part xilinx.com:vpk120_es:part0:1.2 available at /opt/Xilinx/Vivado/2022.2/data/xhub/boards/XilinxBoardStore/boards/Xilinx/vpk120/es/1.2/board.xml as part xcvp1202-vsva2785-2mp-e-s-es1 specified in board_part file is either invalid or not available
WARNING: [Board 49-26] cannot add Board Part xilinx.com:vpk120_es_revb:part0:1.0 available at /opt/Xilinx/Vivado/2022.2/data/xhub/boards/XilinxBoardStore/boards/Xilinx/vpk120_revb/es/1.0/board.xml as part xcvp1202-vsva2785-2mp-e-s-es1 specified in board_part file is either invalid or not available
WARNING: [Board 49-26] cannot add Board Part xilinx.com:vpk180_es:part0:1.0 available at /opt/Xilinx/Vivado/2022.2/data/xhub/boards/XilinxBoardStore/boards/Xilinx/vpk180/es/1.0/board.xml as part xcvp1802-lsvc4072-2mp-e-s-es1 specified in board_part file is either invalid or not available
WARNING: [Board 49-26] cannot add Board Part xilinx.com:zcu208ld:part0:2.0 available at /opt/Xilinx/Vivado/2022.2/data/xhub/boards/XilinxBoardStore/boards/Xilinx/zcu208ld/production/2.0/board.xml as part xczu58dr-fsvg1517-2-i specified in board_part file is either invalid or not available
WARNING: [Board 49-26] cannot add Board Part xilinx.com:zcu216ld:part0:2.0 available at /opt/Xilinx/Vivado/2022.2/data/xhub/boards/XilinxBoardStore/boards/Xilinx/zcu216ld/production/2.0/board.xml as part xczu59dr-ffvf1760-2-i specified in board_part file is either invalid or not available
WARNING: [Board 49-26] cannot add Board Part xilinx.com:zcu670:part0:2.0 available at /opt/Xilinx/Vivado/2022.2/data/xhub/boards/XilinxBoardStore/boards/Xilinx/zcu670/2.0/board.xml as part xczu67dr-fsve1156-2-i specified in board_part file is either invalid or not available
WARNING: [Board 49-26] cannot add Board Part xilinx.com:zcu670ld:part0:1.0 available at /opt/Xilinx/Vivado/2022.2/data/xhub/boards/XilinxBoardStore/boards/Xilinx/zcu670ld/1.0/board.xml as part xczu57dr-fsve1156-2-i specified in board_part file is either invalid or not available
open_project pcie_xdma_test.xpr
INFO: [filemgmt 56-3] Default IP Output Path : Could not find the directory '/root/DOWNLOAD/U50/U50-PCIE/netfpga_pcie_x1_xdma_bram/pcie_xdma_test.gen/sources_1'.
Scanning sources...
Finished scanning sources
INFO: [IP_Flow 19-234] Refreshing IP repositories
INFO: [IP_Flow 19-1704] No user IP repositories specified
INFO: [IP_Flow 19-2313] Loaded Vivado IP repository '/opt/Xilinx/Vivado/2022.2/data/ip'.
update_compile_order -fileset sources_1
not writing pins
generate_target all [get_files  {/root/DOWNLOAD/U50/U50-PCIE/netfpga_pcie_x1_xdma_bram/IP/xdma_0/xdma_0.xci /root/DOWNLOAD/U50/U50-PCIE/netfpga_pcie_x1_xdma_bram/IP/xdma_0/xdma_0.xci /root/DOWNLOAD/U50/U50-PCIE/netfpga_pcie_x1_xdma_bram/IP/xdma_0/xdma_0.xci}]
export_ip_user_files -of_objects [get_files /root/DOWNLOAD/U50/U50-PCIE/netfpga_pcie_x1_xdma_bram/IP/xdma_0/xdma_0.xci] -no_script -sync -force -quiet
export_ip_user_files -of_objects [get_files /root/DOWNLOAD/U50/U50-PCIE/netfpga_pcie_x1_xdma_bram/IP/xdma_0/xdma_0.xci] -no_script -sync -force -quiet
export_ip_user_files -of_objects [get_files /root/DOWNLOAD/U50/U50-PCIE/netfpga_pcie_x1_xdma_bram/IP/xdma_0/xdma_0.xci] -no_script -sync -force -quiet
reset_run xdma_0_synth_1
launch_runs xdma_0_synth_1 -jobs 16
INFO: [Vivado 12-4149] The synthesis checkpoint for IP '/root/DOWNLOAD/U50/U50-PCIE/netfpga_pcie_x1_xdma_bram/IP/xdma_0/xdma_0.xci' is already up-to-date
[Sun Apr  5 14:50:09 2026] Launched xdma_0_synth_1...
Run output will be captured here: /root/DOWNLOAD/U50/U50-PCIE/netfpga_pcie_x1_xdma_bram/pcie_xdma_test.runs/xdma_0_synth_1/runme.log
export_simulation -of_objects [get_files /root/DOWNLOAD/U50/U50-PCIE/netfpga_pcie_x1_xdma_bram/IP/xdma_0/xdma_0.xci] -directory /root/DOWNLOAD/U50/U50-PCIE/netfpga_pcie_x1_xdma_bram/pcie_xdma_test.ip_user_files/sim_scripts -ip_user_files_dir /root/DOWNLOAD/U50/U50-PCIE/netfpga_pcie_x1_xdma_bram/pcie_xdma_test.ip_user_files -ipstatic_source_dir /root/DOWNLOAD/U50/U50-PCIE/netfpga_pcie_x1_xdma_bram/pcie_xdma_test.ip_user_files/ipstatic -lib_map_path [list {modelsim=/root/DOWNLOAD/U50/U50-PCIE/netfpga_pcie_x1_xdma_bram/pcie_xdma_test.cache/compile_simlib/modelsim} {questa=/root/DOWNLOAD/U50/U50-PCIE/netfpga_pcie_x1_xdma_bram/pcie_xdma_test.cache/compile_simlib/questa} {xcelium=/root/DOWNLOAD/U50/U50-PCIE/netfpga_pcie_x1_xdma_bram/pcie_xdma_test.cache/compile_simlib/xcelium} {vcs=/root/DOWNLOAD/U50/U50-PCIE/netfpga_pcie_x1_xdma_bram/pcie_xdma_test.cache/compile_simlib/vcs} {riviera=/root/DOWNLOAD/U50/U50-PCIE/netfpga_pcie_x1_xdma_bram/pcie_xdma_test.cache/compile_simlib/riviera}] -use_ip_compiled_libs -force -quiet
export_simulation -of_objects [get_files /root/DOWNLOAD/U50/U50-PCIE/netfpga_pcie_x1_xdma_bram/IP/xdma_0/xdma_0.xci] -directory /root/DOWNLOAD/U50/U50-PCIE/netfpga_pcie_x1_xdma_bram/pcie_xdma_test.ip_user_files/sim_scripts -ip_user_files_dir /root/DOWNLOAD/U50/U50-PCIE/netfpga_pcie_x1_xdma_bram/pcie_xdma_test.ip_user_files -ipstatic_source_dir /root/DOWNLOAD/U50/U50-PCIE/netfpga_pcie_x1_xdma_bram/pcie_xdma_test.ip_user_files/ipstatic -lib_map_path [list {modelsim=/root/DOWNLOAD/U50/U50-PCIE/netfpga_pcie_x1_xdma_bram/pcie_xdma_test.cache/compile_simlib/modelsim} {questa=/root/DOWNLOAD/U50/U50-PCIE/netfpga_pcie_x1_xdma_bram/pcie_xdma_test.cache/compile_simlib/questa} {xcelium=/root/DOWNLOAD/U50/U50-PCIE/netfpga_pcie_x1_xdma_bram/pcie_xdma_test.cache/compile_simlib/xcelium} {vcs=/root/DOWNLOAD/U50/U50-PCIE/netfpga_pcie_x1_xdma_bram/pcie_xdma_test.cache/compile_simlib/vcs} {riviera=/root/DOWNLOAD/U50/U50-PCIE/netfpga_pcie_x1_xdma_bram/pcie_xdma_test.cache/compile_simlib/riviera}] -use_ip_compiled_libs -force -quiet
export_simulation -of_objects [get_files /root/DOWNLOAD/U50/U50-PCIE/netfpga_pcie_x1_xdma_bram/IP/xdma_0/xdma_0.xci] -directory /root/DOWNLOAD/U50/U50-PCIE/netfpga_pcie_x1_xdma_bram/pcie_xdma_test.ip_user_files/sim_scripts -ip_user_files_dir /root/DOWNLOAD/U50/U50-PCIE/netfpga_pcie_x1_xdma_bram/pcie_xdma_test.ip_user_files -ipstatic_source_dir /root/DOWNLOAD/U50/U50-PCIE/netfpga_pcie_x1_xdma_bram/pcie_xdma_test.ip_user_files/ipstatic -lib_map_path [list {modelsim=/root/DOWNLOAD/U50/U50-PCIE/netfpga_pcie_x1_xdma_bram/pcie_xdma_test.cache/compile_simlib/modelsim} {questa=/root/DOWNLOAD/U50/U50-PCIE/netfpga_pcie_x1_xdma_bram/pcie_xdma_test.cache/compile_simlib/questa} {xcelium=/root/DOWNLOAD/U50/U50-PCIE/netfpga_pcie_x1_xdma_bram/pcie_xdma_test.cache/compile_simlib/xcelium} {vcs=/root/DOWNLOAD/U50/U50-PCIE/netfpga_pcie_x1_xdma_bram/pcie_xdma_test.cache/compile_simlib/vcs} {riviera=/root/DOWNLOAD/U50/U50-PCIE/netfpga_pcie_x1_xdma_bram/pcie_xdma_test.cache/compile_simlib/riviera}] -use_ip_compiled_libs -force -quiet
reset_run synth_1
launch_runs impl_1 -jobs 16
[Sun Apr  5 14:51:36 2026] Launched synth_1...
Run output will be captured here: /root/DOWNLOAD/U50/U50-PCIE/netfpga_pcie_x1_xdma_bram/pcie_xdma_test.runs/synth_1/runme.log
[Sun Apr  5 14:51:36 2026] Launched impl_1...
Run output will be captured here: /root/DOWNLOAD/U50/U50-PCIE/netfpga_pcie_x1_xdma_bram/pcie_xdma_test.runs/impl_1/runme.log
open_run impl_1
INFO: [Device 21-403] Loading part xcu50-fsvh2104-2-e
Netlist sorting complete. Time (s): cpu = 00:00:00.14 ; elapsed = 00:00:00.14 . Memory (MB): peak = 8839.609 ; gain = 0.000 ; free physical = 50598 ; free virtual = 88237
INFO: [Netlist 29-17] Analyzing 608 Unisim elements for replacement
INFO: [Netlist 29-28] Unisim Transformation completed in 0 CPU seconds
INFO: [Project 1-479] Netlist was created with Vivado 2022.2
INFO: [Project 1-570] Preparing netlist for logic optimization
INFO: [Timing 38-478] Restoring timing data from binary archive.
INFO: [Timing 38-479] Binary timing data restore complete.
INFO: [Project 1-856] Restoring constraints from binary archive.
WARNING: [Power 33-711] The follwoing XDC constraint overrides the xilinx.com:au50:1.3 design_power_budget default value of 60.0 : set_operating_conditions -design_power_budget 63 
INFO: [Project 1-853] Binary constraint restore complete.
Reading XDEF placement.
Reading placer database...
Reading XDEF routing.
Read XDEF Files: Time (s): cpu = 00:00:02 ; elapsed = 00:00:02 . Memory (MB): peak = 10715.781 ; gain = 0.000 ; free physical = 49153 ; free virtual = 86792
Restored from archive | CPU: 1.940000 secs | Memory: 29.449089 MB |
Finished XDEF File Restore: Time (s): cpu = 00:00:02 ; elapsed = 00:00:02 . Memory (MB): peak = 10715.781 ; gain = 0.000 ; free physical = 49153 ; free virtual = 86792
Netlist sorting complete. Time (s): cpu = 00:00:00 ; elapsed = 00:00:00 . Memory (MB): peak = 10715.781 ; gain = 0.000 ; free physical = 49154 ; free virtual = 86793
INFO: [Project 1-111] Unisim Transformation Summary:
  A total of 220 instances were transformed.
  IBUF => IBUF (IBUFCTRL, INBUF): 1 instance 
  RAM16X1D => RAM32X1D (RAMD32(x2)): 18 instances
  RAM32M => RAM32M (RAMD32(x6), RAMS32(x2)): 14 instances
  RAM32M16 => RAM32M16 (RAMD32(x14), RAMS32(x2)): 165 instances
  RAM32X1D => RAM32X1D (RAMD32(x2)): 13 instances
  RAM32X1S => RAM32X1S (RAMS32): 9 instances

open_run: Time (s): cpu = 00:00:48 ; elapsed = 00:00:33 . Memory (MB): peak = 10715.781 ; gain = 3107.742 ; free physical = 48769 ; free virtual = 86433
CRITICAL WARNING: [Timing 38-282] The design failed to meet the timing requirements. Please see the timing summary report for details on the timing violations.
report_utilization -name utilization_1
launch_runs impl_1 -to_step write_bitstream -jobs 16
[Sun Apr  5 14:59:56 2026] Launched impl_1...
Run output will be captured here: /root/DOWNLOAD/U50/U50-PCIE/netfpga_pcie_x1_xdma_bram/pcie_xdma_test.runs/impl_1/runme.log
not writing pins
set_property CONFIG.pcie_blk_locn {PCIE4C_X1Y0} [get_ips xdma_0]
generate_target all [get_files  /root/DOWNLOAD/U50/U50-PCIE/netfpga_pcie_x1_xdma_bram/IP/xdma_0/xdma_0.xci]
INFO: [IP_Flow 19-1686] Generating 'Instantiation Template' target for IP 'xdma_0'...
INFO: [IP_Flow 19-1686] Generating 'Synthesis' target for IP 'xdma_0'...
INFO: [IP_Flow 19-1686] Generating 'Simulation' target for IP 'xdma_0'...
INFO: [IP_Flow 19-1686] Generating 'Implementation' target for IP 'xdma_0'...
INFO: [IP_Flow 19-1686] Generating 'Change Log' target for IP 'xdma_0'...
catch { config_ip_cache -export [get_ips -all xdma_0] }
INFO: [IP_Flow 19-6924] IPCACHE: Running cache check for IP inst: xdma_0
export_ip_user_files -of_objects [get_files /root/DOWNLOAD/U50/U50-PCIE/netfpga_pcie_x1_xdma_bram/IP/xdma_0/xdma_0.xci] -no_script -sync -force -quiet
reset_run xdma_0_synth_1
launch_runs xdma_0_synth_1 -jobs 16
INFO: [IP_Flow 19-6924] IPCACHE: Running cache check for IP inst: xdma_0
[Sun Apr  5 15:10:10 2026] Launched xdma_0_synth_1...
Run output will be captured here: /root/DOWNLOAD/U50/U50-PCIE/netfpga_pcie_x1_xdma_bram/pcie_xdma_test.runs/xdma_0_synth_1/runme.log
export_simulation -of_objects [get_files /root/DOWNLOAD/U50/U50-PCIE/netfpga_pcie_x1_xdma_bram/IP/xdma_0/xdma_0.xci] -directory /root/DOWNLOAD/U50/U50-PCIE/netfpga_pcie_x1_xdma_bram/pcie_xdma_test.ip_user_files/sim_scripts -ip_user_files_dir /root/DOWNLOAD/U50/U50-PCIE/netfpga_pcie_x1_xdma_bram/pcie_xdma_test.ip_user_files -ipstatic_source_dir /root/DOWNLOAD/U50/U50-PCIE/netfpga_pcie_x1_xdma_bram/pcie_xdma_test.ip_user_files/ipstatic -lib_map_path [list {modelsim=/root/DOWNLOAD/U50/U50-PCIE/netfpga_pcie_x1_xdma_bram/pcie_xdma_test.cache/compile_simlib/modelsim} {questa=/root/DOWNLOAD/U50/U50-PCIE/netfpga_pcie_x1_xdma_bram/pcie_xdma_test.cache/compile_simlib/questa} {xcelium=/root/DOWNLOAD/U50/U50-PCIE/netfpga_pcie_x1_xdma_bram/pcie_xdma_test.cache/compile_simlib/xcelium} {vcs=/root/DOWNLOAD/U50/U50-PCIE/netfpga_pcie_x1_xdma_bram/pcie_xdma_test.cache/compile_simlib/vcs} {riviera=/root/DOWNLOAD/U50/U50-PCIE/netfpga_pcie_x1_xdma_bram/pcie_xdma_test.cache/compile_simlib/riviera}] -use_ip_compiled_libs -force -quiet
open_hw_manager
connect_hw_server -allow_non_jtag
INFO: [Labtools 27-2285] Connecting to hw_server url TCP:localhost:3121
INFO: [Labtools 27-3415] Connecting to cs_server url TCP:localhost:0
INFO: [Labtools 27-3417] Launching cs_server...
INFO: [Labtools 27-2221] Launch Output:


******** Xilinx cs_server v2022.2.0
  ****** Build date   : Oct 05 2022-07:25:37
    **** Build number : 2022.2.1664925937
      ** Copyright 2017-2026 Xilinx, Inc. All Rights Reserved.



open_hw_target
INFO: [Labtoolstcl 44-466] Opening hw_target localhost:3121/xilinx_tcf/Xilinx/500202A8045AA
current_hw_device [get_hw_devices xcu50_u55n_0]
refresh_hw_device -update_hw_probes false [lindex [get_hw_devices xcu50_u55n_0] 0]
INFO: [Labtools 27-2302] Device xcu50_u55n (JTAG device index = 0) is programmed with a design that has 2 JTAG AXI core(s).
create_hw_cfgmem -hw_device [lindex [get_hw_devices xcu50_u55n_0] 0] [lindex [get_cfgmem_parts {mt25qu01g-spi-x1_x2_x4}] 0]
set_property PROGRAM.BLANK_CHECK  0 [ get_property PROGRAM.HW_CFGMEM [lindex [get_hw_devices xcu50_u55n_0] 0]]
set_property PROGRAM.ERASE  1 [ get_property PROGRAM.HW_CFGMEM [lindex [get_hw_devices xcu50_u55n_0] 0]]
set_property PROGRAM.CFG_PROGRAM  1 [ get_property PROGRAM.HW_CFGMEM [lindex [get_hw_devices xcu50_u55n_0] 0]]
set_property PROGRAM.VERIFY  1 [ get_property PROGRAM.HW_CFGMEM [lindex [get_hw_devices xcu50_u55n_0] 0]]
set_property PROGRAM.CHECKSUM  0 [ get_property PROGRAM.HW_CFGMEM [lindex [get_hw_devices xcu50_u55n_0] 0]]
refresh_hw_device [lindex [get_hw_devices xcu50_u55n_0] 0]
INFO: [Labtools 27-2302] Device xcu50_u55n (JTAG device index = 0) is programmed with a design that has 2 JTAG AXI core(s).
write_cfgmem  -format mcs -size 128 -interface SPIx4 -loadbit {up 0x01002000 "/root/DOWNLOAD/U50/U50-PCIE/netfpga_pcie_x1_xdma_bram/pcie_xdma_test.runs/impl_1/pcie_xdma_test.bit" } -file "/root/DOWNLOAD/U50/U50-PCIE/netfpga_pcie_x1_xdma_bram/pcie_xdma_test.mcs"
Command: write_cfgmem -format mcs -size 128 -interface SPIx4 -loadbit {up 0x01002000 "/root/DOWNLOAD/U50/U50-PCIE/netfpga_pcie_x1_xdma_bram/pcie_xdma_test.runs/impl_1/pcie_xdma_test.bit" } -file /root/DOWNLOAD/U50/U50-PCIE/netfpga_pcie_x1_xdma_bram/pcie_xdma_test.mcs
Creating config memory files...
Creating bitstream load up from address 0x01002000
Loading bitfile /root/DOWNLOAD/U50/U50-PCIE/netfpga_pcie_x1_xdma_bram/pcie_xdma_test.runs/impl_1/pcie_xdma_test.bit
Writing file /root/DOWNLOAD/U50/U50-PCIE/netfpga_pcie_x1_xdma_bram/pcie_xdma_test.mcs
Writing log file /root/DOWNLOAD/U50/U50-PCIE/netfpga_pcie_x1_xdma_bram/pcie_xdma_test.prm
===================================
Configuration Memory information
===================================
File Format        MCS
Interface          SPIX4
Size               128M
Start Address      0x00000000
End Address        0x07FFFFFF

Addr1         Addr2         Date                    File(s)
0x01002000    0x01EBE4F7    Apr  5 15:44:02 2026    /root/DOWNLOAD/U50/U50-PCIE/netfpga_pcie_x1_xdma_bram/pcie_xdma_test.runs/impl_1/pcie_xdma_test.bit
0 Infos, 0 Warnings, 0 Critical Warnings and 0 Errors encountered.
write_cfgmem completed successfully
set_property PROGRAM.ADDRESS_RANGE  {use_file} [ get_property PROGRAM.HW_CFGMEM [lindex [get_hw_devices xcu50_u55n_0] 0]]
set_property PROGRAM.FILES [list "/root/DOWNLOAD/U50/U50-PCIE/netfpga_pcie_x1_xdma_bram/pcie_xdma_test.mcs" ] [ get_property PROGRAM.HW_CFGMEM [lindex [get_hw_devices xcu50_u55n_0] 0]]
set_property PROGRAM.PRM_FILE {} [ get_property PROGRAM.HW_CFGMEM [lindex [get_hw_devices xcu50_u55n_0] 0]]
set_property PROGRAM.UNUSED_PIN_TERMINATION {pull-none} [ get_property PROGRAM.HW_CFGMEM [lindex [get_hw_devices xcu50_u55n_0] 0]]
set_property PROGRAM.BLANK_CHECK  0 [ get_property PROGRAM.HW_CFGMEM [lindex [get_hw_devices xcu50_u55n_0] 0]]
set_property PROGRAM.ERASE  1 [ get_property PROGRAM.HW_CFGMEM [lindex [get_hw_devices xcu50_u55n_0] 0]]
set_property PROGRAM.CFG_PROGRAM  1 [ get_property PROGRAM.HW_CFGMEM [lindex [get_hw_devices xcu50_u55n_0] 0]]
set_property PROGRAM.VERIFY  1 [ get_property PROGRAM.HW_CFGMEM [lindex [get_hw_devices xcu50_u55n_0] 0]]
set_property PROGRAM.CHECKSUM  0 [ get_property PROGRAM.HW_CFGMEM [lindex [get_hw_devices xcu50_u55n_0] 0]]
startgroup 
create_hw_bitstream -hw_device [lindex [get_hw_devices xcu50_u55n_0] 0] [get_property PROGRAM.HW_CFGMEM_BITFILE [ lindex [get_hw_devices xcu50_u55n_0] 0]]; program_hw_devices [lindex [get_hw_devices xcu50_u55n_0] 0]; refresh_hw_device [lindex [get_hw_devices xcu50_u55n_0] 0];
INFO: [Labtools 27-3164] End of startup status: HIGH
program_hw_devices: Time (s): cpu = 00:00:08 ; elapsed = 00:00:09 . Memory (MB): peak = 13309.395 ; gain = 0.000 ; free physical = 46087 ; free virtual = 83885
INFO: [Labtools 27-2302] Device xcu50_u55n (JTAG device index = 0) is programmed with a design that has 1 SPI core(s).
program_hw_cfgmem -hw_cfgmem [ get_property PROGRAM.HW_CFGMEM [lindex [get_hw_devices xcu50_u55n_0] 0]]
Mfg ID : 20   Memory Type : bb   Memory Capacity : 21   Device ID 1 : 0   Device ID 2 : 0
Performing Erase Operation...
Erase Operation successful.
Performing Program and Verify Operations...
Program/Verify Operation successful.
INFO: [Labtoolstcl 44-377] Flash programming completed successfully
program_hw_cfgmem: Time (s): cpu = 00:00:10 ; elapsed = 00:05:41 . Memory (MB): peak = 13309.395 ; gain = 0.000 ; free physical = 46017 ; free virtual = 83816
endgroup
disconnect_hw_server localhost:3121
connect_hw_server -allow_non_jtag
INFO: [Labtools 27-2285] Connecting to hw_server url TCP:localhost:3121
INFO: [Labtools 27-3415] Connecting to cs_server url TCP:localhost:0
INFO: [Labtools 27-3417] Launching cs_server...
INFO: [Labtools 27-2221] Launch Output:


******** Xilinx cs_server v2022.2.0
  ****** Build date   : Oct 05 2022-07:25:37
    **** Build number : 2022.2.1664925937
      ** Copyright 2017-2026 Xilinx, Inc. All Rights Reserved.



open_hw_target
INFO: [Labtoolstcl 44-466] Opening hw_target localhost:3121/xilinx_tcf/Xilinx/500202A8045AA
current_hw_device [get_hw_devices xcu50_u55n_0]
refresh_hw_device -update_hw_probes false [lindex [get_hw_devices xcu50_u55n_0] 0]
INFO: [Labtools 27-2302] Device xcu50_u55n (JTAG device index = 0) is programmed with a design that has 1 SPI core(s).
create_hw_cfgmem -hw_device [get_hw_devices xcu50_u55n_0] -mem_dev [lindex [get_cfgmem_parts {mt25qu01g-spi-x1_x2_x4}] 0]
boot_hw_device  [lindex [get_hw_devices xcu50_u55n_0] 0]
INFO: [Labtoolstcl 44-664] Will wait up to 180 seconds for booting to complete.
INFO: [Labtools 27-32] Done pin status: HIGH
refresh_hw_device [lindex [get_hw_devices xcu50_u55n_0] 0]
INFO: [Labtools 27-1434] Device xcu50_u55n (JTAG device index = 0) is programmed with a design that has no supported debug core(s) in it.
boot_hw_device  [lindex [get_hw_devices xcu50_u55n_0] 0]
INFO: [Labtoolstcl 44-664] Will wait up to 180 seconds for booting to complete.
INFO: [Labtools 27-32] Done pin status: HIGH
refresh_hw_device [lindex [get_hw_devices xcu50_u55n_0] 0]
INFO: [Labtools 27-1434] Device xcu50_u55n (JTAG device index = 0) is programmed with a design that has no supported debug core(s) in it.
