#-----------------------------------------------------------
# Vivado v2022.2 (64-bit)
# SW Build 3671981 on Fri Oct 14 04:59:54 MDT 2022
# IP Build 3669848 on Fri Oct 14 08:30:02 MDT 2022
# Start of session at: Sun Apr  5 17:16:47 2026
# Process ID: 745600
# Current directory: /root/DOWNLOAD/U50/U50-PCIE/netfpga_pcie_x1_xdma_bram
# Command line: vivado -mode batch -source new-program.tcl
# Log file: /root/DOWNLOAD/U50/U50-PCIE/netfpga_pcie_x1_xdma_bram/vivado.log
# Journal file: /root/DOWNLOAD/U50/U50-PCIE/netfpga_pcie_x1_xdma_bram/vivado.jou
# Running On: hk-office-srv02, OS: Linux, CPU Frequency: 3200.000 MHz, CPU Physical cores: 8, Host memory: 67044 MB
#-----------------------------------------------------------
source new-program.tcl
# open_hw_manager
# connect_hw_server -allow_non_jtag
INFO: [Labtools 27-2285] Connecting to hw_server url TCP:localhost:3121
INFO: [Labtools 27-3415] Connecting to cs_server url TCP:localhost:0
INFO: [Labtools 27-3417] Launching cs_server...
INFO: [Labtools 27-2221] Launch Output:


******** Xilinx cs_server v2022.2.0
  ****** Build date   : Oct 05 2022-07:25:37
    **** Build number : 2022.2.1664925937
      ** Copyright 2017-2026 Xilinx, Inc. All Rights Reserved.



# open_hw_target
INFO: [Labtoolstcl 44-466] Opening hw_target localhost:3121/xilinx_tcf/Xilinx/500202A8045AA
# current_hw_device [get_hw_devices xcu50_u55n_0]
# refresh_hw_device -update_hw_probes false [lindex [get_hw_devices xcu50_u55n_0] 0]
INFO: [Labtools 27-2302] Device xcu50_u55n (JTAG device index = 0) is programmed with a design that has 1 SPI core(s).
# set_property PROGRAM.BLANK_CHECK  0 [ get_property PROGRAM.HW_CFGMEM [lindex [get_hw_devices xcu50_u55n_0] 0]]
ERROR: [Common 17-161] Invalid option value '' specified for 'objects'.
INFO: [Common 17-206] Exiting Vivado at Sun Apr  5 17:16:55 2026...
